<?xml version="1.0" encoding="UTF-8"?>
<!-- Generated by org.testng.reporters.JUnitReportReporter -->
<testsuite skipped="0" hostname="Testing-PC" name="com.computech.testcases.OrangeHRMTest1" tests="3" failures="0" timestamp="12 Feb 2020 10:53:41 GMT" time="14.501" errors="0">
  <testcase name="verifyPage" time="0.799" classname="com.computech.testcases.OrangeHRMTest1"/>
  <testcase name="login" time="7.689" classname="com.computech.testcases.OrangeHRMTest1"/>
  <testcase name="logout" time="6.013" classname="com.computech.testcases.OrangeHRMTest1"/>
</testsuite> <!-- com.computech.testcases.OrangeHRMTest1 -->
