<?xml version="1.0" encoding="UTF-8"?>
<!-- Generated by org.testng.reporters.JUnitReportReporter -->
<testsuite skipped="0" hostname="Testing-PC" name="com.computech.testcases.OrangeHRMTest1" tests="3" failures="0" timestamp="10 Feb 2020 11:02:41 GMT" time="13.874" errors="0">
  <testcase name="verifyPage" time="0.767" classname="com.computech.testcases.OrangeHRMTest1"/>
  <testcase name="login" time="7.174" classname="com.computech.testcases.OrangeHRMTest1"/>
  <testcase name="logout" time="5.933" classname="com.computech.testcases.OrangeHRMTest1"/>
</testsuite> <!-- com.computech.testcases.OrangeHRMTest1 -->
