<?xml version="1.0" encoding="UTF-8"?>
<!-- Generated by org.testng.reporters.JUnitReportReporter -->
<testsuite skipped="0" hostname="Testing-PC" name="com.computech.testcases.LogoutScenario" tests="1" failures="0" timestamp="10 Feb 2020 10:29:58 GMT" time="12.235" errors="0">
  <testcase name="logout" time="12.235" classname="com.computech.testcases.LogoutScenario"/>
</testsuite> <!-- com.computech.testcases.LogoutScenario -->
