<?xml version="1.0" encoding="UTF-8"?>
<!-- Generated by org.testng.reporters.JUnitReportReporter -->
<testsuite skipped="0" hostname="Testing-PC" name="com.computech.unittests.TestConfigDataProviderFactory" tests="1" failures="0" timestamp="05 Feb 2020 11:28:16 GMT" time="0.031" errors="0">
  <testcase name="testConfigLib" time="0.031" classname="com.computech.unittests.TestConfigDataProviderFactory"/>
</testsuite> <!-- com.computech.unittests.TestConfigDataProviderFactory -->
