<?xml version="1.0" encoding="UTF-8"?>
<!-- Generated by org.testng.reporters.JUnitReportReporter -->
<testsuite skipped="0" hostname="Testing-PC" name="com.computech.unittests.TestBrowserFactory" tests="1" failures="0" timestamp="06 Feb 2020 10:27:13 GMT" time="8.377" errors="0">
  <testcase name="testBrowser" time="8.377" classname="com.computech.unittests.TestBrowserFactory"/>
</testsuite> <!-- com.computech.unittests.TestBrowserFactory -->
