<?xml version="1.0" encoding="UTF-8"?>
<!-- Generated by org.testng.reporters.JUnitReportReporter -->
<testsuite skipped="0" hostname="Testing-PC" name="com.computech.unittests.TestExcelDataProviderFactory" tests="1" failures="0" timestamp="05 Feb 2020 11:12:48 GMT" time="0.710" errors="0">
  <testcase name="testExcelLib" time="0.710" classname="com.computech.unittests.TestExcelDataProviderFactory"/>
</testsuite> <!-- com.computech.unittests.TestExcelDataProviderFactory -->
