<?xml version="1.0" encoding="UTF-8"?>
<!-- Generated by org.testng.reporters.JUnitReportReporter -->
<testsuite skipped="0" hostname="Testing-PC" name="com.computech.testcases.LoginScenarios" tests="1" failures="0" timestamp="10 Feb 2020 10:05:26 GMT" time="6.874" errors="0">
  <testcase name="login" time="6.874" classname="com.computech.testcases.LoginScenarios"/>
</testsuite> <!-- com.computech.testcases.LoginScenarios -->
